TMPDIR=/tmp
PWD=/work/users/mograf/Projects/WINPACT/WINPACT_WISER/winpact
[prices] first=2017-03-31 00:00:00  last=2037-03-25 23:00:00  count=175200
[power ] first=2017-03-31 00:00:00  last=2037-03-25 23:00:00  count=175200
Timestamps identical (length & order): True
[prices] first=2017-03-31 00:00:00  last=2037-03-25 23:00:00  count=175200
[power ] first=2017-03-31 00:00:00  last=2037-03-25 23:00:00  count=175200
Timestamps identical (length & order): True
Completed 2 runs
Results written to: /work/users/mograf/Projects/WINPACT/WINPACT_WISER/winpact/results
=== DF columns ===
['scenario_id', 'label', 'seed', 'status', 'duration_s', 'error_message', 'traceback', 'experiment_name', 'result_directory']
=== DF head ===
  scenario_id  ...                                   result_directory
0  5598931a8a  ...  /work/users/mograf/Projects/WINPACT/WINPACT_WI...
1  7c27843d43  ...  /work/users/mograf/Projects/WINPACT/WINPACT_WI...

[2 rows x 9 columns]
=== RESULT_DIR ===
/work/users/mograf/Projects/WINPACT/WINPACT_WISER/winpact/results
=== RESULT_DIR contents (maxdepth=3) ===
/work/users/mograf/Projects/WINPACT/WINPACT_WISER/winpact/results/index.parquet
