concurrent.futures.process._RemoteTraceback: 
"""
Traceback (most recent call last):
  File "/work/users/mograf/miniconda3/envs/winpact/lib/python3.11/concurrent/futures/process.py", line 261, in _process_worker
    r = call_item.fn(*call_item.args, **call_item.kwargs)
        ^^^^^^^^^^^^^^^^^^^^^^^^^^^^^^^^^^^^^^^^^^^^^^^^^
  File "/work/users/mograf/Projects/WINPACT/WINPACT_WISER/winpact/core/Simulation.py", line 382, in _run_single_scenario
    sim.run()
  File "/work/users/mograf/Projects/WINPACT/WINPACT_WISER/winpact/core/Simulation.py", line 248, in run
    self.env.run_simulation(until=until)
  File "/work/users/mograf/Projects/WINPACT/WINPACT_WISER/winpact/core/ValueWindEnv.py", line 54, in run_simulation
    self.capex.start()
  File "/work/users/mograf/Projects/WINPACT/WINPACT_WISER/winpact/core/CAPEX.py", line 278, in start
    self.calculate_capital_costs_for_schedule()
  File "/work/users/mograf/Projects/WINPACT/WINPACT_WISER/winpact/core/CAPEX.py", line 303, in calculate_capital_costs_for_schedule
    self.run_blade_mass_estimator()
  File "/work/users/mograf/Projects/WINPACT/WINPACT_WISER/winpact/core/CAPEX.py", line 520, in run_blade_mass_estimator
    from maesopt.structure.mcsprop import BladeMassEstimator
ModuleNotFoundError: No module named 'maesopt'
"""

The above exception was the direct cause of the following exception:

Traceback (most recent call last):
  File "/work/users/mograf/Projects/WINPACT/WINPACT_WISER/winpact/examples/HPC/run_revenue_sweep_parallel.py", line 138, in <module>
    raise SystemExit(main())
                     ^^^^^^
  File "/work/users/mograf/Projects/WINPACT/WINPACT_WISER/winpact/examples/HPC/run_revenue_sweep_parallel.py", line 111, in main
    df = exp.run()
         ^^^^^^^^^
  File "/work/users/mograf/Projects/WINPACT/WINPACT_WISER/winpact/core/Simulation.py", line 549, in run
    rows = _run_scenarios(
           ^^^^^^^^^^^^^^^
  File "/work/users/mograf/Projects/WINPACT/WINPACT_WISER/winpact/core/Simulation.py", line 481, in _run_scenarios
    row = fut.result()
          ^^^^^^^^^^^^
  File "/work/users/mograf/miniconda3/envs/winpact/lib/python3.11/concurrent/futures/_base.py", line 449, in result
    return self.__get_result()
           ^^^^^^^^^^^^^^^^^^^
  File "/work/users/mograf/miniconda3/envs/winpact/lib/python3.11/concurrent/futures/_base.py", line 401, in __get_result
    raise self._exception
ModuleNotFoundError: No module named 'maesopt'
