concurrent.futures.process._RemoteTraceback: 
"""
Traceback (most recent call last):
  File "/work/users/mograf/miniconda3/envs/winpact/lib/python3.11/concurrent/futures/process.py", line 261, in _process_worker
    r = call_item.fn(*call_item.args, **call_item.kwargs)
        ^^^^^^^^^^^^^^^^^^^^^^^^^^^^^^^^^^^^^^^^^^^^^^^^^
  File "/work/users/mograf/Projects/WINPACT/WINPACT_WISER/winpact/core/Simulation.py", line 372, in _run_single_scenario
    sim = Simulation.from_config(
          ^^^^^^^^^^^^^^^^^^^^^^^
  File "/work/users/mograf/Projects/WINPACT/WINPACT_WISER/winpact/core/Simulation.py", line 235, in from_config
    return cls(
           ^^^^
  File "<attrs generated methods core.Simulation.Simulation>", line 34, in __init__
    self.__attrs_post_init__()
  File "/work/users/mograf/Projects/WINPACT/WINPACT_WISER/winpact/core/Simulation.py", line 166, in __attrs_post_init__
    self._setup_simulation()
  File "/work/users/mograf/Projects/WINPACT/WINPACT_WISER/winpact/core/Simulation.py", line 244, in _setup_simulation
    self.env = ValueWindEnv(self.config, simulation_config=self.simulation_config, logger=self.logger)
               ^^^^^^^^^^^^^^^^^^^^^^^^^^^^^^^^^^^^^^^^^^^^^^^^^^^^^^^^^^^^^^^^^^^^^^^^^^^^^^^^^^^^^^^
  File "/work/users/mograf/Projects/WINPACT/WINPACT_WISER/winpact/core/ValueWindEnv.py", line 23, in __init__
    self.metEnv = MetEnvironment(self)
                  ^^^^^^^^^^^^^^^^^^^^
  File "/work/users/mograf/Projects/WINPACT/WINPACT_WISER/winpact/core/MetEnvironment.py", line 11, in __init__
    self.metEnvInput = load_metEnvInput(self.env.config)
                       ^^^^^^^^^^^^^^^^^^^^^^^^^^^^^^^^^
  File "/work/users/mograf/Projects/WINPACT/WINPACT_WISER/winpact/core/MetEnvironment.py", line 110, in load_metEnvInput
    metEnvData[identifier] = load_yaml(config.valuewind_inputFolder, file_name)
                             ^^^^^^^^^^^^^^^^^^^^^^^^^^^^^^^^^^^^^^^^^^^^^^^^^^
  File "/work/users/mograf/Projects/WINPACT/WINPACT_WISER/winpact/core/File_Handling.py", line 42, in load_yaml
    return yaml.load(open(os.path.join(path, fname)), Loader=custom_loader)
                     ^^^^^^^^^^^^^^^^^^^^^^^^^^^^^^^
FileNotFoundError: [Errno 2] No such file or directory: '/work/users/mograf/Projects/WINPACT/WINPACT_WISER/winpact/examples/Inputs/HKN/Inputs/HKN/MetConditions.yaml'
"""

The above exception was the direct cause of the following exception:

Traceback (most recent call last):
  File "/work/users/mograf/Projects/WINPACT/WINPACT_WISER/winpact/examples/HPC/run_revenue_sweep_parallel.py", line 138, in <module>
    raise SystemExit(main())
                     ^^^^^^
  File "/work/users/mograf/Projects/WINPACT/WINPACT_WISER/winpact/examples/HPC/run_revenue_sweep_parallel.py", line 111, in main
    df = exp.run()
         ^^^^^^^^^
  File "/work/users/mograf/Projects/WINPACT/WINPACT_WISER/winpact/core/Simulation.py", line 549, in run
    rows = _run_scenarios(
           ^^^^^^^^^^^^^^^
  File "/work/users/mograf/Projects/WINPACT/WINPACT_WISER/winpact/core/Simulation.py", line 481, in _run_scenarios
    row = fut.result()
          ^^^^^^^^^^^^
  File "/work/users/mograf/miniconda3/envs/winpact/lib/python3.11/concurrent/futures/_base.py", line 449, in result
    return self.__get_result()
           ^^^^^^^^^^^^^^^^^^^
  File "/work/users/mograf/miniconda3/envs/winpact/lib/python3.11/concurrent/futures/_base.py", line 401, in __get_result
    raise self._exception
FileNotFoundError: [Errno 2] No such file or directory: '/work/users/mograf/Projects/WINPACT/WINPACT_WISER/winpact/examples/Inputs/HKN/Inputs/HKN/MetConditions.yaml'
